<?xml version="1.0" encoding="UTF-8"?>
<!-- Generated by org.testng.reporters.JUnitReportReporter -->
<testsuite skipped="0" hostname="NaveenS" name="mavenjava.maven.TrappedTest" tests="1" failures="0" timestamp="2020-10-29T12:18:04 EDT" time="0.000" errors="0">
  <testcase name="deathnote" time="0.000" classname="mavenjava.maven.TrappedTest"/>
  <system-out/>
</testsuite> <!-- mavenjava.maven.TrappedTest -->
