<?xml version="1.0" encoding="UTF-8"?>
<!-- Generated by org.testng.reporters.JUnitReportReporter -->
<testsuite skipped="0" hostname="NaveenS" name="mavenjava.maven.AdventureTest" tests="2" failures="0" timestamp="2020-10-29T12:18:04 EDT" time="0.003" errors="0">
  <testcase name="vault" time="0.000" classname="mavenjava.maven.AdventureTest"/>
  <system-out/>
  <testcase name="moonshine" time="0.003" classname="mavenjava.maven.AdventureTest"/>
  <system-out/>
</testsuite> <!-- mavenjava.maven.AdventureTest -->
